<?xml version="1.0" encoding="UTF-8"?>
<!-- Generated by org.testng.reporters.JUnitReportReporter -->
<testsuite hostname="DESKTOP-RDDD0JM" failures="0" tests="3" name="testpack.UserTest" time="87.680" errors="0" timestamp="2021-03-30T18:09:56 IST" skipped="0">
  <testcase classname="testpack.UserTest" name="addUserTest" time="41.396"/>
  <system-out/>
  <testcase classname="testpack.UserTest" name="editFName" time="36.357"/>
  <system-out/>
  <testcase classname="testpack.UserTest" name="deleteUserTest" time="9.927"/>
  <system-out/>
</testsuite> <!-- testpack.UserTest -->
